<?xml version="1.0" encoding="UTF-8"?>
<!-- Generated by org.testng.reporters.JUnitReportReporter -->
<testsuite hostname="IN-2Q6WPQ3" failures="0" tests="2" name="saucelabs.Loginpage" time="20.475" errors="0" timestamp="2022-11-17T19:30:58 IST" skipped="0">
  <testcase classname="saucelabs.Loginpage" name="TC_002" time="11.328"/>
  <system-out/>
  <testcase classname="saucelabs.Loginpage" name="TC_001" time="9.147"/>
  <system-out/>
</testsuite> <!-- saucelabs.Loginpage -->
