<?xml version="1.0" encoding="UTF-8"?>
<!-- Generated by org.testng.reporters.JUnitReportReporter -->
<testsuite hostname="IN-2Q6WPQ3" failures="0" tests="3" name="saucelabs.productdetailspage" time="16.916" errors="0" timestamp="2022-11-17T19:30:58 IST" skipped="0">
  <testcase classname="saucelabs.productdetailspage" name="TC_016" time="4.818"/>
  <system-out/>
  <testcase classname="saucelabs.productdetailspage" name="TC_017" time="4.964"/>
  <system-out/>
  <testcase classname="saucelabs.productdetailspage" name="TC_018" time="7.134"/>
  <system-out/>
</testsuite> <!-- saucelabs.productdetailspage -->
