<?xml version="1.0" encoding="UTF-8"?>
<!-- Generated by org.testng.reporters.JUnitReportReporter -->
<testsuite hostname="IN-2Q6WPQ3" failures="0" tests="1" name="demo" time="26.815" errors="0" timestamp="2022-11-15T17:29:39 IST" skipped="0">
  <testcase classname="demo" name="Rahul" time="26.815"/>
  <system-out/>
</testsuite> <!-- demo -->
