<?xml version="1.0" encoding="UTF-8"?>
<!-- Generated by org.testng.reporters.JUnitReportReporter -->
<testsuite hostname="IN-2Q6WPQ3" failures="0" tests="1" name="saucelabs.Overviewpage" time="7.992" errors="0" timestamp="2022-11-17T19:30:57 IST" skipped="0">
  <testcase classname="saucelabs.Overviewpage" name="TC_047" time="7.992"/>
  <system-out/>
</testsuite> <!-- saucelabs.Overviewpage -->
