<?xml version="1.0" encoding="UTF-8"?>
<!-- Generated by org.testng.reporters.JUnitReportReporter -->
<testsuite hostname="IN-2Q6WPQ3" failures="0" tests="3" name="saucelabs.Socialmedia" time="24.240" errors="0" timestamp="2022-11-17T19:30:57 IST" skipped="0">
  <testcase classname="saucelabs.Socialmedia" name="TC_031" time="8.323"/>
  <system-out/>
  <testcase classname="saucelabs.Socialmedia" name="TC_029" time="8.030"/>
  <system-out/>
  <testcase classname="saucelabs.Socialmedia" name="TC_030" time="7.887"/>
  <system-out/>
</testsuite> <!-- saucelabs.Socialmedia -->
