<?xml version="1.0" encoding="UTF-8"?>
<!-- Generated by org.testng.reporters.JUnitReportReporter -->
<testsuite hostname="IN-2Q6WPQ3" failures="0" tests="6" name="saucelabs.productpage" time="39.456" errors="0" timestamp="2022-11-17T19:30:58 IST" skipped="0">
  <testcase classname="saucelabs.productpage" name="TC_015" time="8.832"/>
  <system-out/>
  <testcase classname="saucelabs.productpage" name="TC_010" time="4.672"/>
  <system-out/>
  <testcase classname="saucelabs.productpage" name="TC_014" time="4.841"/>
  <system-out/>
  <testcase classname="saucelabs.productpage" name="TC_012" time="5.069"/>
  <system-out/>
  <testcase classname="saucelabs.productpage" name="TC_013" time="10.203"/>
  <system-out/>
  <testcase classname="saucelabs.productpage" name="TC_011" time="5.839"/>
  <system-out/>
</testsuite> <!-- saucelabs.productpage -->
