<?xml version="1.0" encoding="UTF-8"?>
<!-- Generated by org.testng.reporters.JUnitReportReporter -->
<testsuite hostname="IN-2Q6WPQ3" failures="0" tests="1" name="saucelabs.Autologoutfunction" time="603.460" errors="0" timestamp="2022-11-17T19:30:57 IST" skipped="0">
  <testcase classname="saucelabs.Autologoutfunction" name="TC_050" time="603.460"/>
  <system-out/>
</testsuite> <!-- saucelabs.Autologoutfunction -->
