<?xml version="1.0" encoding="UTF-8"?>
<!-- Generated by org.testng.reporters.JUnitReportReporter -->
<testsuite hostname="IN-2Q6WPQ3" failures="0" tests="5" name="saucelabs.menuoption" time="33.325" errors="0" timestamp="2022-11-17T19:30:58 IST" skipped="0">
  <testcase classname="saucelabs.menuoption" name="TC_025" time="11.271"/>
  <system-out/>
  <testcase classname="saucelabs.menuoption" name="TC_027" time="4.999"/>
  <system-out/>
  <testcase classname="saucelabs.menuoption" name="TC_024" time="5.033"/>
  <system-out/>
  <testcase classname="saucelabs.menuoption" name="TC_028" time="7.089"/>
  <system-out/>
  <testcase classname="saucelabs.menuoption" name="TC_026" time="4.933"/>
  <system-out/>
</testsuite> <!-- saucelabs.menuoption -->
