<?xml version="1.0" encoding="UTF-8"?>
<!-- Generated by org.testng.reporters.JUnitReportReporter -->
<testsuite hostname="IN-2Q6WPQ3" failures="0" tests="2" name="saucelabs.Completepage" time="11.326" errors="0" timestamp="2022-11-17T19:30:57 IST" skipped="0">
  <testcase classname="saucelabs.Completepage" name="TC_048" time="5.715"/>
  <system-out/>
  <testcase classname="saucelabs.Completepage" name="TC_049" time="5.611"/>
  <system-out/>
</testsuite> <!-- saucelabs.Completepage -->
