<?xml version="1.0" encoding="UTF-8"?>
<!-- Generated by org.testng.reporters.JUnitReportReporter -->
<testsuite hostname="IN-2Q6WPQ3" failures="0" tests="7" name="saucelabs.Loginfunctions" time="34.030" errors="0" timestamp="2022-11-17T19:30:58 IST" skipped="0">
  <testcase classname="saucelabs.Loginfunctions" name="TC_003" time="5.070"/>
  <system-out/>
  <testcase classname="saucelabs.Loginfunctions" name="TC_005" time="4.648"/>
  <system-out/>
  <testcase classname="saucelabs.Loginfunctions" name="TC_006" time="5.063"/>
  <system-out/>
  <testcase classname="saucelabs.Loginfunctions" name="TC_004" time="4.780"/>
  <system-out/>
  <testcase classname="saucelabs.Loginfunctions" name="TC_008" time="4.813"/>
  <system-out/>
  <testcase classname="saucelabs.Loginfunctions" name="TC_009" time="4.944"/>
  <system-out/>
  <testcase classname="saucelabs.Loginfunctions" name="TC_007" time="4.712"/>
  <system-out/>
</testsuite> <!-- saucelabs.Loginfunctions -->
